{"logTime": "1227/102502", "correlationVector":"voepKMgMoR/Ted76Ebotyr.1","action":"SyncServerConnectionManagerRequest", "result":"SYNC_SERVER_OK", "context":{"environment":"Prod_southeastasia_prod-s01-064-apac-southeastasia", "migrationStage":"NotStarted", "server":"akswtt00300002e"}}
{"logTime": "1227/102503", "correlationVector":"n2Qw3Amf9CeXUUhYTVLcsZ","action":"SyncServerConnectionManagerRequest", "result":"SYNC_SERVER_OK", "context":{"environment":"", "migrationStage":"", "server":""}}
{"logTime": "1227/102503", "correlationVector":"voepKMgMoR/Ted76Ebotyr","action":"Initial GetUpdates", "result":"", "context":Reason: NEW_CLIENT. cV=voepKMgMoR/Ted76Ebotyr}
{"logTime": "1227/102503", "correlationVector":"voepKMgMoR/Ted76Ebotyr.2","action":"GetUpdates Response", "result":"Success", "context":Received 1 update(s). cV=voepKMgMoR/Ted76Ebotyr.0;server=akswtt00300002e;cloudType=Consumer;environment=Prod_southeastasia_prod-s01-064-apac-southeastasia;migrationStage=NotStarted}
{"logTime": "1227/102503", "correlationVector":"u14lVwBLthsz10FtgZBniF","action":"Initial GetUpdates", "result":"", "context":Reason: NEWLY_SUPPORTED_DATATYPE. cV=u14lVwBLthsz10FtgZBniF}
{"logTime": "1227/102503", "correlationVector":"u14lVwBLthsz10FtgZBniF.1","action":"SyncServerConnectionManagerRequest", "result":"SYNC_SERVER_OK", "context":{"environment":"Prod_southeastasia_prod-s01-064-apac-southeastasia", "migrationStage":"NotStarted", "server":"akswtt003000017"}}
{"logTime": "1227/102503", "correlationVector":"u14lVwBLthsz10FtgZBniF.2","action":"GetUpdates Response", "result":"Success", "context":Received 30 update(s). cV=u14lVwBLthsz10FtgZBniF.0;server=akswtt003000017;cloudType=Consumer;environment=Prod_southeastasia_prod-s01-064-apac-southeastasia;migrationStage=NotStarted}
{"logTime": "1227/102503", "correlationVector":"ZYATMkiTaSq/qP82zw0hYb","action":"Initial GetUpdates", "result":"", "context":Reason: NEWLY_SUPPORTED_DATATYPE. cV=ZYATMkiTaSq/qP82zw0hYb}
{"logTime": "1227/102503", "correlationVector":"ZYATMkiTaSq/qP82zw0hYb.1","action":"SyncServerConnectionManagerRequest", "result":"SYNC_SERVER_OK", "context":{"environment":"Prod_southeastasia_prod-s01-064-apac-southeastasia", "migrationStage":"NotStarted", "server":"akswtt00300000j"}}
{"logTime": "1227/102503", "correlationVector":"ZYATMkiTaSq/qP82zw0hYb.2","action":"GetUpdates Response", "result":"Success", "context":Received 5 update(s). cV=ZYATMkiTaSq/qP82zw0hYb.0;server=akswtt00300000j;cloudType=Consumer;environment=Prod_southeastasia_prod-s01-064-apac-southeastasia;migrationStage=NotStarted}
{"logTime": "1227/102503", "correlationVector":"UG+R3FUpWP8XaHujkvO9Sh","action":"Initial GetUpdates", "result":"", "context":Reason: NEWLY_SUPPORTED_DATATYPE. cV=UG+R3FUpWP8XaHujkvO9Sh}
{"logTime": "1227/102504", "correlationVector":"UG+R3FUpWP8XaHujkvO9Sh.1","action":"SyncServerConnectionManagerRequest", "result":"SYNC_SERVER_OK", "context":{"environment":"Prod_southeastasia_prod-s01-064-apac-southeastasia", "migrationStage":"NotStarted", "server":"akswtt00300000z"}}
{"logTime": "1227/102504", "correlationVector":"UG+R3FUpWP8XaHujkvO9Sh.2","action":"GetUpdates Response", "result":"Success", "context":Received 3 update(s). cV=UG+R3FUpWP8XaHujkvO9Sh.0;server=akswtt00300000z;cloudType=Consumer;environment=Prod_southeastasia_prod-s01-064-apac-southeastasia;migrationStage=NotStarted}
{"logTime": "1227/102505", "correlationVector":"vrGVaPe9GAC7KWmIc9Vkhw","action":"Normal GetUpdate request", "result":"", "context":cV=vrGVaPe9GAC7KWmIc9Vkhw
Nudged types: Sessions, Device Info, User Consents
Refresh requested types: Bookmarks, Preferences, Passwords, Autofill Profiles, Autofill, Typed URLs, Extensions, Sessions, Extension settings, History Delete Directives, Device Info, User Consents, Send Tab To Self, Web Apps, Collection, Edge E Drop, Edge Hub App Usage, Edge Tab Group, Edge Wallet, Encryption Keys}
{"logTime": "1227/102506", "correlationVector":"vrGVaPe9GAC7KWmIc9Vkhw.1","action":"SyncServerConnectionManagerRequest", "result":"SYNC_SERVER_OK", "context":{"environment":"Prod_southeastasia_prod-s01-064-apac-southeastasia", "migrationStage":"NotStarted", "server":"akswtt00300000c"}}
{"logTime": "1227/102506", "correlationVector":"vrGVaPe9GAC7KWmIc9Vkhw.2","action":"GetUpdates Response", "result":"Success", "context":Received 0 update(s). cV=vrGVaPe9GAC7KWmIc9Vkhw.0;server=akswtt00300000c;cloudType=Consumer;environment=Prod_southeastasia_prod-s01-064-apac-southeastasia;migrationStage=NotStarted}
{"logTime": "1227/102506", "correlationVector":"RYhCPGWjEmi7pjhfpNOh9i","action":"DoCompareDataConsistency requsted types: ", "result":"Bookmarks, Preferences, Passwords, Typed URLs, Extensions, Extension settings, History Delete Directives, Send Tab To Self, Web Apps, Collection, Edge E Drop, Edge Tab Group, Edge Wallet, Encryption Keys"}
{"logTime": "1227/102506", "correlationVector":"RYhCPGWjEmi7pjhfpNOh9i.1","action":"CompareDataConsistency result: ", "result":"Compare result: Bookmarks is consistent. local entities count is: 3 local entities hash is: M/0/LZXHLhivMlJOs9uGKu9fH98="}
{"logTime": "1227/102506", "correlationVector":"RYhCPGWjEmi7pjhfpNOh9i.2","action":"CompareDataConsistency result: ", "result":"Compare result: Preferences is consistent. local entities count is: 26 local entities hash is: SoX8u5/z72rgbbIkdElvUvC0ZVE="}
{"logTime": "1227/102506", "correlationVector":"RYhCPGWjEmi7pjhfpNOh9i.3","action":"CompareDataConsistency result: ", "result":"Server did not send this Typed URLs local entities count is: 0 local entities hash is: "}
{"logTime": "1227/102506", "correlationVector":"RYhCPGWjEmi7pjhfpNOh9i.4","action":"CompareDataConsistency result: ", "result":"Compare result: Extensions is consistent. local entities count is: 0 local entities hash is: "}
{"logTime": "1227/102506", "correlationVector":"RYhCPGWjEmi7pjhfpNOh9i.5","action":"CompareDataConsistency result: ", "result":"Compare result: Extension settings is consistent. local entities count is: 0 local entities hash is: "}
{"logTime": "1227/102506", "correlationVector":"RYhCPGWjEmi7pjhfpNOh9i.6","action":"CompareDataConsistency result: ", "result":"Compare result: History Delete Directives is consistent. local entities count is: 0 local entities hash is: "}
{"logTime": "1227/102506", "correlationVector":"RYhCPGWjEmi7pjhfpNOh9i.7","action":"CompareDataConsistency result: ", "result":"Server did not send this Send Tab To Self local entities count is: 0 local entities hash is: "}
{"logTime": "1227/102506", "correlationVector":"RYhCPGWjEmi7pjhfpNOh9i.8","action":"CompareDataConsistency result: ", "result":"Compare result: Web Apps is consistent. local entities count is: 0 local entities hash is: "}
{"logTime": "1227/102506", "correlationVector":"RYhCPGWjEmi7pjhfpNOh9i.9","action":"CompareDataConsistency result: ", "result":"Compare result: Collection is consistent. local entities count is: 0 local entities hash is: "}
{"logTime": "1227/102506", "correlationVector":"RYhCPGWjEmi7pjhfpNOh9i.10","action":"CompareDataConsistency result: ", "result":"Compare result: Edge E Drop is consistent. local entities count is: 0 local entities hash is: "}
{"logTime": "1227/102506", "correlationVector":"RYhCPGWjEmi7pjhfpNOh9i.11","action":"CompareDataConsistency result: ", "result":"Compare result: Edge Tab Group is consistent. local entities count is: 0 local entities hash is: "}
{"logTime": "1227/102506", "correlationVector":"RYhCPGWjEmi7pjhfpNOh9i.12","action":"CompareDataConsistency result: ", "result":"Compare result: Edge Wallet is consistent. local entities count is: 0 local entities hash is: "}
{"logTime": "1227/102506", "correlationVector":"RYhCPGWjEmi7pjhfpNOh9i.13","action":"CompareDataConsistency result: ", "result":"Compare result: Passwords is consistent. local entities count is: 1 local entities hash is: Y1imfDhaaSQni6oExuAh1xMtIpI="}
{"logTime": "1227/102506", "correlationVector":"L6aSUm5p2XFSNwjK1iuoGX","action":"Commit Request", "result":"", "context":Item count: 5
Contributing types: Sessions, Device Info, User Consents}
{"logTime": "1227/102506", "correlationVector":"L6aSUm5p2XFSNwjK1iuoGX.1","action":"SyncServerConnectionManagerRequest", "result":"SYNC_SERVER_OK", "context":{"environment":"Prod_southeastasia_prod-s01-064-apac-southeastasia", "migrationStage":"NotStarted", "server":"akswtt00300002a"}}
{"logTime": "1227/102506", "correlationVector":"L6aSUm5p2XFSNwjK1iuoGX.2","action":"Commit Response", "result":"Success", "context":Result: Success. cV=L6aSUm5p2XFSNwjK1iuoGX.0;server=akswtt00300002a;cloudType=Consumer;environment=Prod_southeastasia_prod-s01-064-apac-southeastasia;migrationStage=NotStarted}
{"logTime": "1227/102506", "correlationVector":"","action":"DIAGNOSTIC_REQUEST|v1/diagnosticData/Diagnostic.SendCheckResult()|SUCCESS", "result":""}
{"logTime": "1227/102539", "correlationVector":"QHqlSRgqB3nuNgQvwJ11xy","action":"Commit Request", "result":"", "context":Item count: 1
Contributing types: Sessions}
{"logTime": "1227/102539", "correlationVector":"QHqlSRgqB3nuNgQvwJ11xy.1","action":"SyncServerConnectionManagerRequest", "result":"SYNC_SERVER_OK", "context":{"environment":"Prod_southeastasia_prod-s01-065-apac-southeastasia", "migrationStage":"NotStarted", "server":"akswtt003000015"}}
{"logTime": "1227/102539", "correlationVector":"QHqlSRgqB3nuNgQvwJ11xy.2","action":"Commit Response", "result":"Success", "context":Result: Success. cV=QHqlSRgqB3nuNgQvwJ11xy.0;server=akswtt003000015;cloudType=Consumer;environment=Prod_southeastasia_prod-s01-065-apac-southeastasia;migrationStage=NotStarted}
